Crawling: https://merisyl.com from Root
Crawling: https://merisyl.com/origin from https://merisyl.com
Crawling: https://merisyl.com/the-kralscreed from https://merisyl.com/origin
Crawling: https://merisyl.com/history-timeline from https://merisyl.com/the-kralscreed
Crawling: https://merisyl.com/character-creation from https://merisyl.com/history-timeline
Crawling: https://merisyl.com/character-creation/backgrounds from https://merisyl.com/character-creation
Crawling: https://merisyl.com/character-creation/custom-ancestries from https://merisyl.com/character-creation/backgrounds
Crawling: https://merisyl.com/character-creation/feats from https://merisyl.com/character-creation/custom-ancestries
Crawling: https://merisyl.com/arcanum from https://merisyl.com/character-creation/feats
Crawling: https://merisyl.com/arcanum/magic-items from https://merisyl.com/arcanum
Crawling: https://merisyl.com/arcanum/rituals from https://merisyl.com/arcanum/magic-items
Crawling: https://merisyl.com/arcanum/spells from https://merisyl.com/arcanum/rituals
Crawling: https://merisyl.com/bestiary from https://merisyl.com/arcanum/spells
Crawling: https://merisyl.com/deities from https://merisyl.com/bestiary
Crawling: https://merisyl.com/deities/ator from https://merisyl.com/deities
Crawling: https://merisyl.com/deities/caltolav from https://merisyl.com/deities/ator
Crawling: https://merisyl.com/deities/chuakazix from https://merisyl.com/deities/caltolav
Crawling: https://merisyl.com/deities/endrell from https://merisyl.com/deities/chuakazix
Crawling: https://merisyl.com/deities/haryxmi from https://merisyl.com/deities/endrell
Crawling: https://merisyl.com/deities/khirr from https://merisyl.com/deities/haryxmi
Crawling: https://merisyl.com/deities/litoriath from https://merisyl.com/deities/khirr
Crawling: https://merisyl.com/deities/nuvria from https://merisyl.com/deities/litoriath
Crawling: https://merisyl.com/deities/patrael from https://merisyl.com/deities/nuvria
Crawling: https://merisyl.com/deities/premyzic from https://merisyl.com/deities/patrael
Crawling: https://merisyl.com/deities/szalavalar from https://merisyl.com/deities/premyzic
Crawling: https://merisyl.com/deities/vivlorean from https://merisyl.com/deities/szalavalar
Crawling: https://merisyl.com/deities/zelagiur from https://merisyl.com/deities/vivlorean
Crawling: https://merisyl.com/gazette from https://merisyl.com/deities/zelagiur
Crawling: https://merisyl.com/gazette/aurix from https://merisyl.com/gazette
Crawling: https://merisyl.com/gazette/aurix/kethend from https://merisyl.com/gazette/aurix
Crawling: https://merisyl.com/gazette/aunea/mourleonne from https://merisyl.com/gazette/aurix/kethend
Crawling: https://merisyl.com/gazette/aunea from https://merisyl.com/gazette/aunea/mourleonne
Crawling: https://merisyl.com/gazette/aunea/sklynd from https://merisyl.com/gazette/aunea
Crawling: https://merisyl.com/gazette/chayle from https://merisyl.com/gazette/aunea/sklynd
Crawling: https://merisyl.com/gazette/chayle/aodar from https://merisyl.com/gazette/chayle
Crawling: https://merisyl.com/gazette/chayle/krunderyx from https://merisyl.com/gazette/chayle/aodar
Crawling: https://merisyl.com/gazette/chayle/notch from https://merisyl.com/gazette/chayle/krunderyx
Crawling: https://merisyl.com/gazette/frostfeld from https://merisyl.com/gazette/chayle/notch
Crawling: https://merisyl.com/gazette/verchix from https://merisyl.com/gazette/frostfeld
Crawling: https://merisyl.com/gazette/verchix/coalte from https://merisyl.com/gazette/verchix
Crawling: https://merisyl.com/gazette/verchix/crystal-waters from https://merisyl.com/gazette/verchix/coalte
Crawling: https://merisyl.com/gazette/verchix/fylott-2 from https://merisyl.com/gazette/verchix/crystal-waters
Crawling: https://merisyl.com/gazette/verchix/tyrn from https://merisyl.com/gazette/verchix/fylott-2
Crawling: https://merisyl.com/gazette/gazette/verchix/coalte from https://merisyl.com/gazette/verchix
Crawling: https://merisyl.com/gazette/gazette/verchix/crystal-waters from https://merisyl.com/gazette/verchix
Crawling: https://merisyl.com/gazette/gazette/verchix/fylott from https://merisyl.com/gazette/verchix
Crawling: https://merisyl.com/gazette/gazette/verchix/tyrn from https://merisyl.com/gazette/verchix
Crawling: https://merisyl.com/gazette/verchix/#respond from https://merisyl.com/gazette/verchix
Crawling: https://merisyl.com/gazette/verchix/gazette/verchix/coalte from https://merisyl.com/gazette/verchix/#respond
Crawling: https://merisyl.com/gazette/verchix/gazette/verchix/crystal-waters from https://merisyl.com/gazette/verchix/#respond
Crawling: https://merisyl.com/gazette/verchix/gazette/verchix/fylott from https://merisyl.com/gazette/verchix/#respond
Crawling: https://merisyl.com/gazette/verchix/gazette/verchix/tyrn from https://merisyl.com/gazette/verchix/#respond
Crawling: https://merisyl.com/gazette/frostfeld/#respond from https://merisyl.com/gazette/frostfeld
Crawling: https://merisyl.com/gazette/gazette/chayle/notch from https://merisyl.com/gazette/chayle
Crawling: https://merisyl.com/gazette/chayle/#respond from https://merisyl.com/gazette/chayle
Crawling: https://merisyl.com/gazette/chayle/gazette/chayle/notch from https://merisyl.com/gazette/chayle/#respond
Crawling: https://merisyl.com/gazette/gazette/aunea/mourleonne from https://merisyl.com/gazette/aunea
Crawling: https://merisyl.com/gazette/gazette/aunea/sklynd from https://merisyl.com/gazette/aunea
Crawling: https://merisyl.com/gazette/aunea/#respond from https://merisyl.com/gazette/aunea
Crawling: https://merisyl.com/gazette/aunea/gazette/aunea/mourleonne from https://merisyl.com/gazette/aunea/#respond
Crawling: https://merisyl.com/gazette/aunea/gazette/aunea/sklynd from https://merisyl.com/gazette/aunea/#respond
Crawling: https://merisyl.com/gazette/aurix/kethend/#respond from https://merisyl.com/gazette/aurix/kethend
Crawling: https://merisyl.com/gazette/aurix/#respond from https://merisyl.com/gazette/aurix
Crawling: https://merisyl.com/gazette/calendar from https://merisyl.com/gazette
Crawling: https://merisyl.com/gazette/#respond from https://merisyl.com/gazette
Crawling: https://merisyl.com/gazette/gazette/aurix from https://merisyl.com/gazette/#respond
Crawling: https://merisyl.com/gazette/gazette/aunea from https://merisyl.com/gazette/#respond
Crawling: https://merisyl.com/gazette/gazette/gazette/aunea/mourleonne from https://merisyl.com/gazette/gazette/aunea
Crawling: https://merisyl.com/gazette/gazette/gazette/aunea/sklynd from https://merisyl.com/gazette/gazette/aunea
Crawling: https://merisyl.com/gazette/gazette/chayle from https://merisyl.com/gazette/#respond
Crawling: https://merisyl.com/gazette/gazette/gazette/chayle/notch from https://merisyl.com/gazette/gazette/chayle
Crawling: https://merisyl.com/gazette/gazette/frostfeld from https://merisyl.com/gazette/#respond
Crawling: https://merisyl.com/gazette/gazette/verchix from https://merisyl.com/gazette/#respond
Crawling: https://merisyl.com/gazette/gazette/gazette/verchix/coalte from https://merisyl.com/gazette/gazette/verchix
Crawling: https://merisyl.com/gazette/gazette/gazette/verchix/crystal-waters from https://merisyl.com/gazette/gazette/verchix
Crawling: https://merisyl.com/gazette/gazette/gazette/verchix/fylott from https://merisyl.com/gazette/gazette/verchix
Crawling: https://merisyl.com/gazette/gazette/gazette/verchix/tyrn from https://merisyl.com/gazette/gazette/verchix
Crawling: https://merisyl.com/gazette/gazette/calendar from https://merisyl.com/gazette/#respond
Crawling: https://merisyl.com/deities/zelagiur/#respond from https://merisyl.com/deities/zelagiur
Crawling: https://merisyl.com/deities/vivlorean/#respond from https://merisyl.com/deities/vivlorean
Crawling: https://merisyl.com/deities/szalavalar/#respond from https://merisyl.com/deities/szalavalar
Crawling: https://merisyl.com/deities/premyzic/#respond from https://merisyl.com/deities/premyzic
Crawling: https://merisyl.com/deities/haryxmi/#respond from https://merisyl.com/deities/haryxmi
Crawling: https://merisyl.com/deities/chuakazix/#respond from https://merisyl.com/deities/chuakazix
Crawling: https://merisyl.com/deities/ator/#respond from https://merisyl.com/deities/ator
Crawling: https://merisyl.com/history-timeline#return-of-litoriath from https://merisyl.com/deities
Crawling: https://merisyl.com/character-creation/custom-ancestries/ixen from https://merisyl.com/history-timeline#return-of-litoriath
Crawling: https://merisyl.com/character-creation/custom-ancestries/korthjach from https://merisyl.com/history-timeline#return-of-litoriath
Crawling: https://merisyl.com/character-creation/custom-ancestries/korthjach/#respond from https://merisyl.com/character-creation/custom-ancestries/korthjach
Crawling: https://merisyl.com/character-creation/feats/#Merisyl-Gift-merisyl from https://merisyl.com/history-timeline#return-of-litoriath
Crawling: https://merisyl.com/character-creation/feats/#respond from https://merisyl.com/character-creation/feats/#Merisyl-Gift-merisyl
Crawling: https://merisyl.com/gazette/aunea/#geography from https://merisyl.com/history-timeline#return-of-litoriath
Crawling: https://merisyl.com/history-timeline/#respond from https://merisyl.com/history-timeline#return-of-litoriath
Crawling: https://merisyl.com/deities/#respond from https://merisyl.com/deities
Crawling: https://merisyl.com/bestiary/capriyeti from https://merisyl.com/bestiary
Crawling: https://merisyl.com/bestiary/capriyeti/#respond from https://merisyl.com/bestiary/capriyeti
Crawling: https://merisyl.com/bestiary/danndrite from https://merisyl.com/bestiary
Crawling: https://merisyl.com/bestiary/danndrite/#respond from https://merisyl.com/bestiary/danndrite
Crawling: https://merisyl.com/bestiary/exsanguination-badger from https://merisyl.com/bestiary
Crawling: https://merisyl.com/bestiary/exsanguination-badger/#respond from https://merisyl.com/bestiary/exsanguination-badger
Crawling: https://merisyl.com/bestiary/ferran from https://merisyl.com/bestiary
Crawling: https://merisyl.com/bestiary/ferran/#respond from https://merisyl.com/bestiary/ferran
Crawling: https://merisyl.com/bestiary/splinterscreamer from https://merisyl.com/bestiary
Crawling: https://merisyl.com/bestiary/splinterscreamer/#respond from https://merisyl.com/bestiary/splinterscreamer
Crawling: https://merisyl.com/bestiary/sulfur-skink from https://merisyl.com/bestiary
Crawling: https://merisyl.com/bestiary/sulfur-skink/#respond from https://merisyl.com/bestiary/sulfur-skink
Crawling: https://merisyl.com/bestiary/veganimate from https://merisyl.com/bestiary
Crawling: https://merisyl.com/bestiary/veganimate/#respond from https://merisyl.com/bestiary/veganimate
Crawling: https://merisyl.com/arcanum/spells/#respond from https://merisyl.com/arcanum/spells
Crawling: https://merisyl.com/arcanum/rituals/call-of-the-dark-mother from https://merisyl.com/arcanum/rituals
Crawling: https://merisyl.com/arcanum/rituals/call-of-the-dark-mother/#respond from https://merisyl.com/arcanum/rituals/call-of-the-dark-mother
Crawling: https://merisyl.com/arcanum/rituals/orchard-of-plenty from https://merisyl.com/arcanum/rituals
Crawling: https://merisyl.com/arcanum/rituals/orchard-of-plenty/#respond from https://merisyl.com/arcanum/rituals/orchard-of-plenty
Crawling: https://merisyl.com/arcanum/rituals/ritual-of-guardianship from https://merisyl.com/arcanum/rituals
Crawling: https://merisyl.com/arcanum/rituals/ritual-of-guardianship/#respond from https://merisyl.com/arcanum/rituals/ritual-of-guardianship
Crawling: https://merisyl.com/arcanum/rituals/#respond from https://merisyl.com/arcanum/rituals
Crawling: https://merisyl.com/arcanum/magic-items/champions-redemption from https://merisyl.com/arcanum/magic-items
Crawling: https://merisyl.com/arcanum/magic-items/champions-redemption/#respond from https://merisyl.com/arcanum/magic-items/champions-redemption
Crawling: https://merisyl.com/arcanum/magic-items/chronominer from https://merisyl.com/arcanum/magic-items
Crawling: https://merisyl.com/arcanum/magic-items/chronominer/#respond from https://merisyl.com/arcanum/magic-items/chronominer
Crawling: https://merisyl.com/arcanum/magic-items/feather-token-culinary-2 from https://merisyl.com/arcanum/magic-items
Crawling: https://merisyl.com/arcanum/magic-items/feather-token-culinary-2/#respond from https://merisyl.com/arcanum/magic-items/feather-token-culinary-2
Crawling: https://merisyl.com/arcanum/magic-items/meldrox-magical-mailbox from https://merisyl.com/arcanum/magic-items
Crawling: https://merisyl.com/arcanum/magic-items/meldrox-magical-mailbox/#respond from https://merisyl.com/arcanum/magic-items/meldrox-magical-mailbox
Crawling: https://merisyl.com/arcanum/magic-items/meldrox-mystical-manor from https://merisyl.com/arcanum/magic-items
Crawling: https://merisyl.com/arcanum/magic-items/meldrox-mystical-manor/#respond from https://merisyl.com/arcanum/magic-items/meldrox-mystical-manor
Crawling: https://merisyl.com/arcanum/magic-items/pacantryx-marks from https://merisyl.com/arcanum/magic-items
Crawling: https://merisyl.com/arcanum/magic-items/pacantryx-marks/#respond from https://merisyl.com/arcanum/magic-items/pacantryx-marks
Crawling: https://merisyl.com/arcanum/magic-items/#respond from https://merisyl.com/arcanum/magic-items
Crawling: https://merisyl.com/character-creation/custom-ancestries/tamgol from https://merisyl.com/character-creation/custom-ancestries
Crawling: https://merisyl.com/character-creation/custom-ancestries/tamgol/#respond from https://merisyl.com/character-creation/custom-ancestries/tamgol
Crawling: https://merisyl.com/character-creation/custom-ancestries/minotaur from https://merisyl.com/character-creation/custom-ancestries
Crawling: https://merisyl.com/character-creation/custom-ancestries/minotaur/#respond from https://merisyl.com/character-creation/custom-ancestries/minotaur
Crawling: https://merisyl.com/character-creation/custom-ancestries/morphic from https://merisyl.com/character-creation/custom-ancestries
Crawling: https://merisyl.com/character-creation/custom-ancestries/morphic/#respond from https://merisyl.com/character-creation/custom-ancestries/morphic
Crawling: https://merisyl.com/character-creation/#respond from https://merisyl.com/character-creation
Crawling: https://merisyl.com/#respond from https://merisyl.com
